<?xml version="1.0" encoding="UTF-8"?>
<!-- Generated by org.testng.reporters.JUnitXMLReporter -->
<testsuite ignored="0" hostname="DESKTOP-10G1S0V" failures="1" tests="3" name="Surefire test" time="42.971" errors="0" timestamp="13 Jun 2024 15:09:51 GMT">
  <testcase classname="org.healthcare.CURAHealthCare.CuraHealthCareServiceTest" name="verifyHomepage" time="0.292"/>
  <testcase classname="org.healthcare.CURAHealthCare.CuraHealthCareServiceTest" name="checkProfile" time="6.158">
    <failure type="java.lang.AssertionError" message="expected [Under contruction.] but found [Under construction.]">
      <![CDATA[java.lang.AssertionError: expected [Under contruction.] but found [Under construction.]
at org.healthcare.CURAHealthCare.CuraHealthCareServiceTest.checkProfile(CuraHealthCareServiceTest.java:68)
... Removed 34 stack frames]]>
    </failure>
  </testcase> <!-- checkProfile -->
  <testcase classname="org.healthcare.CURAHealthCare.CuraHealthCareServiceTest" name="EndToEndTest" time="9.949"/>
</testsuite> <!-- Surefire test -->
